Analysis & Synthesis report for ve_ep4ce10
Thu Nov 23 16:01:05 2017
Quartus Prime Version 17.0.0 Build 595 04/25/2017 SJ Lite Edition


---------------------
; Table of Contents ;
---------------------
  1. Legal Notice
  2. Analysis & Synthesis Summary
  3. Analysis & Synthesis Settings
  4. Parallel Compilation
  5. Analysis & Synthesis Source Files Read
  6. Analysis & Synthesis Resource Usage Summary
  7. Analysis & Synthesis Resource Utilization by Entity
  8. Analysis & Synthesis IP Cores Summary
  9. State Machine - |vga_leds|display:display_inst|color_fixed
 10. Registers Removed During Synthesis
 11. General Register Statistics
 12. Inverted Register Statistics
 13. Multiplexer Restructuring Statistics (Restructuring Performed)
 14. Parameter Settings for User Entity Instance: mypll:mypll_inst|altpll:altpll_component
 15. Parameter Settings for User Entity Instance: display:display_inst
 16. Parameter Settings for User Entity Instance: display:display_inst|hvsync:u_hvsync
 17. altpll Parameter Settings by Entity Instance
 18. Port Connectivity Checks: "display:display_inst|hvsync:u_hvsync"
 19. Port Connectivity Checks: "display:display_inst"
 20. Post-Synthesis Netlist Statistics for Top Partition
 21. Elapsed Time Per Partition
 22. Analysis & Synthesis Messages



----------------
; Legal Notice ;
----------------
Copyright (C) 2017  Intel Corporation. All rights reserved.
Your use of Intel Corporation's design tools, logic functions 
and other software and tools, and its AMPP partner logic 
functions, and any output files from any of the foregoing 
(including device programming or simulation files), and any 
associated documentation or information are expressly subject 
to the terms and conditions of the Intel Program License 
Subscription Agreement, the Intel Quartus Prime License Agreement,
the Intel MegaCore Function License Agreement, or other 
applicable license agreement, including, without limitation, 
that your use is for the sole purpose of programming logic 
devices manufactured by Intel and sold by Intel or its 
authorized distributors.  Please refer to the applicable 
agreement for further details.



+----------------------------------------------------------------------------------+
; Analysis & Synthesis Summary                                                     ;
+------------------------------------+---------------------------------------------+
; Analysis & Synthesis Status        ; Successful - Thu Nov 23 16:01:05 2017       ;
; Quartus Prime Version              ; 17.0.0 Build 595 04/25/2017 SJ Lite Edition ;
; Revision Name                      ; ve_ep4ce10                                  ;
; Top-level Entity Name              ; vga_leds                                    ;
; Family                             ; Cyclone IV E                                ;
; Total logic elements               ; 280                                         ;
;     Total combinational functions  ; 252                                         ;
;     Dedicated logic registers      ; 142                                         ;
; Total registers                    ; 142                                         ;
; Total pins                         ; 25                                          ;
; Total virtual pins                 ; 0                                           ;
; Total memory bits                  ; 0                                           ;
; Embedded Multiplier 9-bit elements ; 0                                           ;
; Total PLLs                         ; 1                                           ;
+------------------------------------+---------------------------------------------+


+----------------------------------------------------------------------------------------------------------------------+
; Analysis & Synthesis Settings                                                                                        ;
+----------------------------------------------------------------------------+--------------------+--------------------+
; Option                                                                     ; Setting            ; Default Value      ;
+----------------------------------------------------------------------------+--------------------+--------------------+
; Device                                                                     ; EP4CE10E22I7       ;                    ;
; Top-level entity name                                                      ; vga_leds           ; ve_ep4ce10         ;
; Family name                                                                ; Cyclone IV E       ; Cyclone V          ;
; Use smart compilation                                                      ; Off                ; Off                ;
; Enable parallel Assembler and TimeQuest Timing Analyzer during compilation ; On                 ; On                 ;
; Enable compact report table                                                ; Off                ; Off                ;
; Restructure Multiplexers                                                   ; Auto               ; Auto               ;
; Create Debugging Nodes for IP Cores                                        ; Off                ; Off                ;
; Preserve fewer node names                                                  ; On                 ; On                 ;
; OpenCore Plus hardware evaluation                                          ; Enable             ; Enable             ;
; Verilog Version                                                            ; Verilog_2001       ; Verilog_2001       ;
; VHDL Version                                                               ; VHDL_1993          ; VHDL_1993          ;
; State Machine Processing                                                   ; Auto               ; Auto               ;
; Safe State Machine                                                         ; Off                ; Off                ;
; Extract Verilog State Machines                                             ; On                 ; On                 ;
; Extract VHDL State Machines                                                ; On                 ; On                 ;
; Ignore Verilog initial constructs                                          ; Off                ; Off                ;
; Iteration limit for constant Verilog loops                                 ; 5000               ; 5000               ;
; Iteration limit for non-constant Verilog loops                             ; 250                ; 250                ;
; Add Pass-Through Logic to Inferred RAMs                                    ; On                 ; On                 ;
; Infer RAMs from Raw Logic                                                  ; On                 ; On                 ;
; Parallel Synthesis                                                         ; On                 ; On                 ;
; DSP Block Balancing                                                        ; Auto               ; Auto               ;
; NOT Gate Push-Back                                                         ; On                 ; On                 ;
; Power-Up Don't Care                                                        ; On                 ; On                 ;
; Remove Redundant Logic Cells                                               ; Off                ; Off                ;
; Remove Duplicate Registers                                                 ; On                 ; On                 ;
; Ignore CARRY Buffers                                                       ; Off                ; Off                ;
; Ignore CASCADE Buffers                                                     ; Off                ; Off                ;
; Ignore GLOBAL Buffers                                                      ; Off                ; Off                ;
; Ignore ROW GLOBAL Buffers                                                  ; Off                ; Off                ;
; Ignore LCELL Buffers                                                       ; Off                ; Off                ;
; Ignore SOFT Buffers                                                        ; On                 ; On                 ;
; Limit AHDL Integers to 32 Bits                                             ; Off                ; Off                ;
; Optimization Technique                                                     ; Balanced           ; Balanced           ;
; Carry Chain Length                                                         ; 70                 ; 70                 ;
; Auto Carry Chains                                                          ; On                 ; On                 ;
; Auto Open-Drain Pins                                                       ; On                 ; On                 ;
; Perform WYSIWYG Primitive Resynthesis                                      ; Off                ; Off                ;
; Auto ROM Replacement                                                       ; On                 ; On                 ;
; Auto RAM Replacement                                                       ; On                 ; On                 ;
; Auto DSP Block Replacement                                                 ; On                 ; On                 ;
; Auto Shift Register Replacement                                            ; Auto               ; Auto               ;
; Allow Shift Register Merging across Hierarchies                            ; Auto               ; Auto               ;
; Auto Clock Enable Replacement                                              ; On                 ; On                 ;
; Strict RAM Replacement                                                     ; Off                ; Off                ;
; Allow Synchronous Control Signals                                          ; On                 ; On                 ;
; Force Use of Synchronous Clear Signals                                     ; Off                ; Off                ;
; Auto RAM Block Balancing                                                   ; On                 ; On                 ;
; Auto RAM to Logic Cell Conversion                                          ; Off                ; Off                ;
; Auto Resource Sharing                                                      ; Off                ; Off                ;
; Allow Any RAM Size For Recognition                                         ; Off                ; Off                ;
; Allow Any ROM Size For Recognition                                         ; Off                ; Off                ;
; Allow Any Shift Register Size For Recognition                              ; Off                ; Off                ;
; Use LogicLock Constraints during Resource Balancing                        ; On                 ; On                 ;
; Ignore translate_off and synthesis_off directives                          ; Off                ; Off                ;
; Timing-Driven Synthesis                                                    ; On                 ; On                 ;
; Report Parameter Settings                                                  ; On                 ; On                 ;
; Report Source Assignments                                                  ; On                 ; On                 ;
; Report Connectivity Checks                                                 ; On                 ; On                 ;
; Ignore Maximum Fan-Out Assignments                                         ; Off                ; Off                ;
; Synchronization Register Chain Length                                      ; 2                  ; 2                  ;
; PowerPlay Power Optimization During Synthesis                              ; Normal compilation ; Normal compilation ;
; HDL message level                                                          ; Level2             ; Level2             ;
; Suppress Register Optimization Related Messages                            ; Off                ; Off                ;
; Number of Removed Registers Reported in Synthesis Report                   ; 5000               ; 5000               ;
; Number of Swept Nodes Reported in Synthesis Report                         ; 5000               ; 5000               ;
; Number of Inverted Registers Reported in Synthesis Report                  ; 100                ; 100                ;
; Clock MUX Protection                                                       ; On                 ; On                 ;
; Auto Gated Clock Conversion                                                ; Off                ; Off                ;
; Block Design Naming                                                        ; Auto               ; Auto               ;
; SDC constraint protection                                                  ; Off                ; Off                ;
; Synthesis Effort                                                           ; Auto               ; Auto               ;
; Shift Register Replacement - Allow Asynchronous Clear Signal               ; On                 ; On                 ;
; Pre-Mapping Resynthesis Optimization                                       ; Off                ; Off                ;
; Analysis & Synthesis Message Level                                         ; Medium             ; Medium             ;
; Disable Register Merging Across Hierarchies                                ; Auto               ; Auto               ;
; Resource Aware Inference For Block RAM                                     ; On                 ; On                 ;
+----------------------------------------------------------------------------+--------------------+--------------------+


+------------------------------------------+
; Parallel Compilation                     ;
+----------------------------+-------------+
; Processors                 ; Number      ;
+----------------------------+-------------+
; Number detected on machine ; 4           ;
; Maximum allowed            ; 4           ;
;                            ;             ;
; Average used               ; 1.00        ;
; Maximum used               ; 4           ;
;                            ;             ;
; Usage by Processor         ; % Time Used ;
;     Processor 1            ; 100.0%      ;
;     Processor 2            ;   0.0%      ;
;     Processors 3-4         ;   0.0%      ;
+----------------------------+-------------+


+-----------------------------------------------------------------------------------------------------------------------------------------------------------------------------------------------+
; Analysis & Synthesis Source Files Read                                                                                                                                                        ;
+----------------------------------+-----------------+------------------------------+-------------------------------------------------------------------------------------------------+---------+
; File Name with User-Entered Path ; Used in Netlist ; File Type                    ; File Name with Absolute Path                                                                    ; Library ;
+----------------------------------+-----------------+------------------------------+-------------------------------------------------------------------------------------------------+---------+
; hvsync.v                         ; yes             ; User Verilog HDL File        ; E:/projects/prj_fpga_altera/prj_VE-EP4CE10E/ep4_prj/tmp/hdmi_leds_seg7-master/hvsync.v          ;         ;
; display.v                        ; yes             ; User Verilog HDL File        ; E:/projects/prj_fpga_altera/prj_VE-EP4CE10E/ep4_prj/tmp/hdmi_leds_seg7-master/display.v         ;         ;
; mypll.v                          ; yes             ; User Wizard-Generated File   ; E:/projects/prj_fpga_altera/prj_VE-EP4CE10E/ep4_prj/tmp/hdmi_leds_seg7-master/mypll.v           ;         ;
; vga_leds.v                       ; yes             ; User Verilog HDL File        ; E:/projects/prj_fpga_altera/prj_VE-EP4CE10E/ep4_prj/tmp/hdmi_leds_seg7-master/vga_leds.v        ;         ;
; altpll.tdf                       ; yes             ; Megafunction                 ; d:/dev/intel/17.0/quartus/libraries/megafunctions/altpll.tdf                                    ;         ;
; aglobal170.inc                   ; yes             ; Megafunction                 ; d:/dev/intel/17.0/quartus/libraries/megafunctions/aglobal170.inc                                ;         ;
; stratix_pll.inc                  ; yes             ; Megafunction                 ; d:/dev/intel/17.0/quartus/libraries/megafunctions/stratix_pll.inc                               ;         ;
; stratixii_pll.inc                ; yes             ; Megafunction                 ; d:/dev/intel/17.0/quartus/libraries/megafunctions/stratixii_pll.inc                             ;         ;
; cycloneii_pll.inc                ; yes             ; Megafunction                 ; d:/dev/intel/17.0/quartus/libraries/megafunctions/cycloneii_pll.inc                             ;         ;
; db/mypll_altpll.v                ; yes             ; Auto-Generated Megafunction  ; E:/projects/prj_fpga_altera/prj_VE-EP4CE10E/ep4_prj/tmp/hdmi_leds_seg7-master/db/mypll_altpll.v ;         ;
+----------------------------------+-----------------+------------------------------+-------------------------------------------------------------------------------------------------+---------+


+-------------------------------------------------------------------------------------------------------------------------------------+
; Analysis & Synthesis Resource Usage Summary                                                                                         ;
+---------------------------------------------+---------------------------------------------------------------------------------------+
; Resource                                    ; Usage                                                                                 ;
+---------------------------------------------+---------------------------------------------------------------------------------------+
; Estimated Total logic elements              ; 280                                                                                   ;
;                                             ;                                                                                       ;
; Total combinational functions               ; 252                                                                                   ;
; Logic element usage by number of LUT inputs ;                                                                                       ;
;     -- 4 input functions                    ; 150                                                                                   ;
;     -- 3 input functions                    ; 30                                                                                    ;
;     -- <=2 input functions                  ; 72                                                                                    ;
;                                             ;                                                                                       ;
; Logic elements by mode                      ;                                                                                       ;
;     -- normal mode                          ; 192                                                                                   ;
;     -- arithmetic mode                      ; 60                                                                                    ;
;                                             ;                                                                                       ;
; Total registers                             ; 142                                                                                   ;
;     -- Dedicated logic registers            ; 142                                                                                   ;
;     -- I/O registers                        ; 0                                                                                     ;
;                                             ;                                                                                       ;
; I/O pins                                    ; 25                                                                                    ;
;                                             ;                                                                                       ;
; Embedded Multiplier 9-bit elements          ; 0                                                                                     ;
;                                             ;                                                                                       ;
; Total PLLs                                  ; 1                                                                                     ;
;     -- PLLs                                 ; 1                                                                                     ;
;                                             ;                                                                                       ;
; Maximum fan-out node                        ; mypll:mypll_inst|altpll:altpll_component|mypll_altpll:auto_generated|wire_pll1_clk[0] ;
; Maximum fan-out                             ; 143                                                                                   ;
; Total fan-out                               ; 1300                                                                                  ;
; Average fan-out                             ; 2.92                                                                                  ;
+---------------------------------------------+---------------------------------------------------------------------------------------+


+----------------------------------------------------------------------------------------------------------------------------------------------------------------------------------------------------------------------------------------------------------------------------------+
; Analysis & Synthesis Resource Utilization by Entity                                                                                                                                                                                                                              ;
+----------------------------------------+---------------------+---------------------------+-------------+--------------+---------+-----------+------+--------------+--------------------------------------------------------------------------------+--------------+--------------+
; Compilation Hierarchy Node             ; Combinational ALUTs ; Dedicated Logic Registers ; Memory Bits ; DSP Elements ; DSP 9x9 ; DSP 18x18 ; Pins ; Virtual Pins ; Full Hierarchy Name                                                            ; Entity Name  ; Library Name ;
+----------------------------------------+---------------------+---------------------------+-------------+--------------+---------+-----------+------+--------------+--------------------------------------------------------------------------------+--------------+--------------+
; |vga_leds                              ; 252 (41)            ; 142 (40)                  ; 0           ; 0            ; 0       ; 0         ; 25   ; 0            ; |vga_leds                                                                      ; vga_leds     ; work         ;
;    |display:display_inst|              ; 211 (170)           ; 102 (76)                  ; 0           ; 0            ; 0       ; 0         ; 0    ; 0            ; |vga_leds|display:display_inst                                                 ; display      ; work         ;
;       |hvsync:u_hvsync|                ; 41 (41)             ; 26 (26)                   ; 0           ; 0            ; 0       ; 0         ; 0    ; 0            ; |vga_leds|display:display_inst|hvsync:u_hvsync                                 ; hvsync       ; work         ;
;    |mypll:mypll_inst|                  ; 0 (0)               ; 0 (0)                     ; 0           ; 0            ; 0       ; 0         ; 0    ; 0            ; |vga_leds|mypll:mypll_inst                                                     ; mypll        ; work         ;
;       |altpll:altpll_component|        ; 0 (0)               ; 0 (0)                     ; 0           ; 0            ; 0       ; 0         ; 0    ; 0            ; |vga_leds|mypll:mypll_inst|altpll:altpll_component                             ; altpll       ; work         ;
;          |mypll_altpll:auto_generated| ; 0 (0)               ; 0 (0)                     ; 0           ; 0            ; 0       ; 0         ; 0    ; 0            ; |vga_leds|mypll:mypll_inst|altpll:altpll_component|mypll_altpll:auto_generated ; mypll_altpll ; work         ;
+----------------------------------------+---------------------+---------------------------+-------------+--------------+---------+-----------+------+--------------+--------------------------------------------------------------------------------+--------------+--------------+
Note: For table entries with two numbers listed, the numbers in parentheses indicate the number of resources of the given type used by the specific entity alone. The numbers listed outside of parentheses indicate the total resources of the given type used by the specific entity and all of its sub-entities in the hierarchy.


+--------------------------------------------------------------------------------------------------------------+
; Analysis & Synthesis IP Cores Summary                                                                        ;
+--------+--------------+---------+--------------+--------------+----------------------------+-----------------+
; Vendor ; IP Core Name ; Version ; Release Date ; License Type ; Entity Instance            ; IP Include File ;
+--------+--------------+---------+--------------+--------------+----------------------------+-----------------+
; Altera ; ALTPLL       ; 17.0    ; N/A          ; N/A          ; |vga_leds|mypll:mypll_inst ; mypll.v         ;
+--------+--------------+---------+--------------+--------------+----------------------------+-----------------+


Encoding Type:  One-Hot
+-----------------------------------------------------------------------------------------------------------------------------------------------------------------+
; State Machine - |vga_leds|display:display_inst|color_fixed                                                                                                      ;
+-----------------+-----------------+-----------------+-----------------+-----------------+-----------------+-----------------+-----------------+-----------------+
; Name            ; color_fixed.111 ; color_fixed.110 ; color_fixed.101 ; color_fixed.100 ; color_fixed.011 ; color_fixed.010 ; color_fixed.001 ; color_fixed.000 ;
+-----------------+-----------------+-----------------+-----------------+-----------------+-----------------+-----------------+-----------------+-----------------+
; color_fixed.000 ; 0               ; 0               ; 0               ; 0               ; 0               ; 0               ; 0               ; 0               ;
; color_fixed.001 ; 0               ; 0               ; 0               ; 0               ; 0               ; 0               ; 1               ; 1               ;
; color_fixed.010 ; 0               ; 0               ; 0               ; 0               ; 0               ; 1               ; 0               ; 1               ;
; color_fixed.011 ; 0               ; 0               ; 0               ; 0               ; 1               ; 0               ; 0               ; 1               ;
; color_fixed.100 ; 0               ; 0               ; 0               ; 1               ; 0               ; 0               ; 0               ; 1               ;
; color_fixed.101 ; 0               ; 0               ; 1               ; 0               ; 0               ; 0               ; 0               ; 1               ;
; color_fixed.110 ; 0               ; 1               ; 0               ; 0               ; 0               ; 0               ; 0               ; 1               ;
; color_fixed.111 ; 1               ; 0               ; 0               ; 0               ; 0               ; 0               ; 0               ; 1               ;
+-----------------+-----------------+-----------------+-----------------+-----------------+-----------------+-----------------+-----------------+-----------------+


+-------------------------------------------------------------------------------------------------+
; Registers Removed During Synthesis                                                              ;
+-------------------------------------------+-----------------------------------------------------+
; Register name                             ; Reason for Removal                                  ;
+-------------------------------------------+-----------------------------------------------------+
; display:display_inst|red_leds_fixed[3]    ; Merged with display:display_inst|segments_fixed[3]  ;
; display:display_inst|green_leds_fixed[4]  ; Merged with display:display_inst|segments_fixed[3]  ;
; display:display_inst|red_leds_fixed[2]    ; Merged with display:display_inst|segments_fixed[2]  ;
; display:display_inst|green_leds_fixed[3]  ; Merged with display:display_inst|segments_fixed[2]  ;
; display:display_inst|red_leds_fixed[1]    ; Merged with display:display_inst|segments_fixed[1]  ;
; display:display_inst|green_leds_fixed[2]  ; Merged with display:display_inst|segments_fixed[1]  ;
; display:display_inst|red_leds_fixed[0]    ; Merged with display:display_inst|segments_fixed[0]  ;
; display:display_inst|green_leds_fixed[1]  ; Merged with display:display_inst|segments_fixed[0]  ;
; display:display_inst|red_leds_fixed[4]    ; Merged with display:display_inst|segments_fixed[4]  ;
; display:display_inst|green_leds_fixed[5]  ; Merged with display:display_inst|segments_fixed[4]  ;
; display:display_inst|red_leds_fixed[5]    ; Merged with display:display_inst|segments_fixed[5]  ;
; display:display_inst|green_leds_fixed[6]  ; Merged with display:display_inst|segments_fixed[5]  ;
; display:display_inst|red_leds_fixed[6]    ; Merged with display:display_inst|segments_fixed[6]  ;
; display:display_inst|green_leds_fixed[7]  ; Merged with display:display_inst|segments_fixed[6]  ;
; display:display_inst|red_leds_fixed[7]    ; Merged with display:display_inst|segments_fixed[7]  ;
; display:display_inst|green_leds_fixed[8]  ; Merged with display:display_inst|segments_fixed[7]  ;
; display:display_inst|red_leds_fixed[8]    ; Merged with display:display_inst|segments_fixed[8]  ;
; display:display_inst|green_leds_fixed[9]  ; Merged with display:display_inst|segments_fixed[8]  ;
; display:display_inst|red_leds_fixed[9]    ; Merged with display:display_inst|segments_fixed[9]  ;
; display:display_inst|green_leds_fixed[10] ; Merged with display:display_inst|segments_fixed[9]  ;
; display:display_inst|red_leds_fixed[10]   ; Merged with display:display_inst|segments_fixed[10] ;
; display:display_inst|green_leds_fixed[11] ; Merged with display:display_inst|segments_fixed[10] ;
; display:display_inst|red_leds_fixed[11]   ; Merged with display:display_inst|segments_fixed[11] ;
; display:display_inst|green_leds_fixed[12] ; Merged with display:display_inst|segments_fixed[11] ;
; display:display_inst|red_leds_fixed[12]   ; Merged with display:display_inst|segments_fixed[12] ;
; display:display_inst|green_leds_fixed[13] ; Merged with display:display_inst|segments_fixed[12] ;
; display:display_inst|red_leds_fixed[13]   ; Merged with display:display_inst|segments_fixed[13] ;
; display:display_inst|green_leds_fixed[14] ; Merged with display:display_inst|segments_fixed[13] ;
; display:display_inst|red_leds_fixed[14]   ; Merged with display:display_inst|segments_fixed[14] ;
; display:display_inst|green_leds_fixed[15] ; Merged with display:display_inst|segments_fixed[14] ;
; display:display_inst|red_leds_fixed[15]   ; Merged with display:display_inst|segments_fixed[15] ;
; display:display_inst|color_fixed.110      ; Lost fanout                                         ;
; display:display_inst|color_fixed.111      ; Lost fanout                                         ;
; display:display_inst|color_fixed~2        ; Lost fanout                                         ;
; display:display_inst|color_fixed~3        ; Lost fanout                                         ;
; display:display_inst|color_fixed~4        ; Lost fanout                                         ;
; counter[40..47]                           ; Lost fanout                                         ;
; Total Number of Removed Registers = 44    ;                                                     ;
+-------------------------------------------+-----------------------------------------------------+


+------------------------------------------------------+
; General Register Statistics                          ;
+----------------------------------------------+-------+
; Statistic                                    ; Value ;
+----------------------------------------------+-------+
; Total registers                              ; 142   ;
; Number of registers using Synchronous Clear  ; 12    ;
; Number of registers using Synchronous Load   ; 12    ;
; Number of registers using Asynchronous Clear ; 66    ;
; Number of registers using Asynchronous Load  ; 0     ;
; Number of registers using Clock Enable       ; 64    ;
; Number of registers using Preset             ; 0     ;
+----------------------------------------------+-------+


+--------------------------------------------------------------+
; Inverted Register Statistics                                 ;
+----------------------------------------------------+---------+
; Inverted Register                                  ; Fan out ;
+----------------------------------------------------+---------+
; display:display_inst|hvsync:u_hvsync|line_count[9] ; 5       ;
; display:display_inst|hvsync:u_hvsync|line_count[4] ; 9       ;
; display:display_inst|hvsync:u_hvsync|line_count[7] ; 7       ;
; display:display_inst|hvsync:u_hvsync|line_count[6] ; 7       ;
; Total number of inverted registers = 4             ;         ;
+----------------------------------------------------+---------+


+----------------------------------------------------------------------------------------------------------------------------------------------------------+
; Multiplexer Restructuring Statistics (Restructuring Performed)                                                                                           ;
+--------------------+-----------+---------------+----------------------+------------------------+------------+--------------------------------------------+
; Multiplexer Inputs ; Bus Width ; Baseline Area ; Area if Restructured ; Saving if Restructured ; Registered ; Example Multiplexer Output                 ;
+--------------------+-----------+---------------+----------------------+------------------------+------------+--------------------------------------------+
; 3:1                ; 2 bits    ; 4 LEs         ; 2 LEs                ; 2 LEs                  ; No         ; |vga_leds|display:display_inst|color.001   ;
; 4:1                ; 2 bits    ; 4 LEs         ; 2 LEs                ; 2 LEs                  ; No         ; |vga_leds|display:display_inst|color.011   ;
; 16:1               ; 2 bits    ; 20 LEs        ; 20 LEs               ; 0 LEs                  ; No         ; |vga_leds|display:display_inst|ShiftRight1 ;
; 50:1               ; 2 bits    ; 66 LEs        ; 56 LEs               ; 10 LEs                 ; No         ; |vga_leds|display:display_inst|color.101   ;
+--------------------+-----------+---------------+----------------------+------------------------+------------+--------------------------------------------+


+---------------------------------------------------------------------------------------+
; Parameter Settings for User Entity Instance: mypll:mypll_inst|altpll:altpll_component ;
+-------------------------------+-------------------------+-----------------------------+
; Parameter Name                ; Value                   ; Type                        ;
+-------------------------------+-------------------------+-----------------------------+
; OPERATION_MODE                ; NORMAL                  ; Untyped                     ;
; PLL_TYPE                      ; AUTO                    ; Untyped                     ;
; LPM_HINT                      ; CBX_MODULE_PREFIX=mypll ; Untyped                     ;
; QUALIFY_CONF_DONE             ; OFF                     ; Untyped                     ;
; COMPENSATE_CLOCK              ; CLK0                    ; Untyped                     ;
; SCAN_CHAIN                    ; LONG                    ; Untyped                     ;
; PRIMARY_CLOCK                 ; INCLK0                  ; Untyped                     ;
; INCLK0_INPUT_FREQUENCY        ; 20000                   ; Signed Integer              ;
; INCLK1_INPUT_FREQUENCY        ; 0                       ; Untyped                     ;
; GATE_LOCK_SIGNAL              ; NO                      ; Untyped                     ;
; GATE_LOCK_COUNTER             ; 0                       ; Untyped                     ;
; LOCK_HIGH                     ; 1                       ; Untyped                     ;
; LOCK_LOW                      ; 1                       ; Untyped                     ;
; VALID_LOCK_MULTIPLIER         ; 1                       ; Untyped                     ;
; INVALID_LOCK_MULTIPLIER       ; 5                       ; Untyped                     ;
; SWITCH_OVER_ON_LOSSCLK        ; OFF                     ; Untyped                     ;
; SWITCH_OVER_ON_GATED_LOCK     ; OFF                     ; Untyped                     ;
; ENABLE_SWITCH_OVER_COUNTER    ; OFF                     ; Untyped                     ;
; SKIP_VCO                      ; OFF                     ; Untyped                     ;
; SWITCH_OVER_COUNTER           ; 0                       ; Untyped                     ;
; SWITCH_OVER_TYPE              ; AUTO                    ; Untyped                     ;
; FEEDBACK_SOURCE               ; EXTCLK0                 ; Untyped                     ;
; BANDWIDTH                     ; 0                       ; Untyped                     ;
; BANDWIDTH_TYPE                ; AUTO                    ; Untyped                     ;
; SPREAD_FREQUENCY              ; 0                       ; Untyped                     ;
; DOWN_SPREAD                   ; 0                       ; Untyped                     ;
; SELF_RESET_ON_GATED_LOSS_LOCK ; OFF                     ; Untyped                     ;
; SELF_RESET_ON_LOSS_LOCK       ; OFF                     ; Untyped                     ;
; CLK9_MULTIPLY_BY              ; 0                       ; Untyped                     ;
; CLK8_MULTIPLY_BY              ; 0                       ; Untyped                     ;
; CLK7_MULTIPLY_BY              ; 0                       ; Untyped                     ;
; CLK6_MULTIPLY_BY              ; 0                       ; Untyped                     ;
; CLK5_MULTIPLY_BY              ; 1                       ; Untyped                     ;
; CLK4_MULTIPLY_BY              ; 1                       ; Untyped                     ;
; CLK3_MULTIPLY_BY              ; 1                       ; Untyped                     ;
; CLK2_MULTIPLY_BY              ; 1                       ; Untyped                     ;
; CLK1_MULTIPLY_BY              ; 1                       ; Untyped                     ;
; CLK0_MULTIPLY_BY              ; 37                      ; Signed Integer              ;
; CLK9_DIVIDE_BY                ; 0                       ; Untyped                     ;
; CLK8_DIVIDE_BY                ; 0                       ; Untyped                     ;
; CLK7_DIVIDE_BY                ; 0                       ; Untyped                     ;
; CLK6_DIVIDE_BY                ; 0                       ; Untyped                     ;
; CLK5_DIVIDE_BY                ; 1                       ; Untyped                     ;
; CLK4_DIVIDE_BY                ; 1                       ; Untyped                     ;
; CLK3_DIVIDE_BY                ; 1                       ; Untyped                     ;
; CLK2_DIVIDE_BY                ; 1                       ; Untyped                     ;
; CLK1_DIVIDE_BY                ; 1                       ; Untyped                     ;
; CLK0_DIVIDE_BY                ; 25                      ; Signed Integer              ;
; CLK9_PHASE_SHIFT              ; 0                       ; Untyped                     ;
; CLK8_PHASE_SHIFT              ; 0                       ; Untyped                     ;
; CLK7_PHASE_SHIFT              ; 0                       ; Untyped                     ;
; CLK6_PHASE_SHIFT              ; 0                       ; Untyped                     ;
; CLK5_PHASE_SHIFT              ; 0                       ; Untyped                     ;
; CLK4_PHASE_SHIFT              ; 0                       ; Untyped                     ;
; CLK3_PHASE_SHIFT              ; 0                       ; Untyped                     ;
; CLK2_PHASE_SHIFT              ; 0                       ; Untyped                     ;
; CLK1_PHASE_SHIFT              ; 0                       ; Untyped                     ;
; CLK0_PHASE_SHIFT              ; 0                       ; Untyped                     ;
; CLK5_TIME_DELAY               ; 0                       ; Untyped                     ;
; CLK4_TIME_DELAY               ; 0                       ; Untyped                     ;
; CLK3_TIME_DELAY               ; 0                       ; Untyped                     ;
; CLK2_TIME_DELAY               ; 0                       ; Untyped                     ;
; CLK1_TIME_DELAY               ; 0                       ; Untyped                     ;
; CLK0_TIME_DELAY               ; 0                       ; Untyped                     ;
; CLK9_DUTY_CYCLE               ; 50                      ; Untyped                     ;
; CLK8_DUTY_CYCLE               ; 50                      ; Untyped                     ;
; CLK7_DUTY_CYCLE               ; 50                      ; Untyped                     ;
; CLK6_DUTY_CYCLE               ; 50                      ; Untyped                     ;
; CLK5_DUTY_CYCLE               ; 50                      ; Untyped                     ;
; CLK4_DUTY_CYCLE               ; 50                      ; Untyped                     ;
; CLK3_DUTY_CYCLE               ; 50                      ; Untyped                     ;
; CLK2_DUTY_CYCLE               ; 50                      ; Untyped                     ;
; CLK1_DUTY_CYCLE               ; 50                      ; Untyped                     ;
; CLK0_DUTY_CYCLE               ; 50                      ; Signed Integer              ;
; CLK9_USE_EVEN_COUNTER_MODE    ; OFF                     ; Untyped                     ;
; CLK8_USE_EVEN_COUNTER_MODE    ; OFF                     ; Untyped                     ;
; CLK7_USE_EVEN_COUNTER_MODE    ; OFF                     ; Untyped                     ;
; CLK6_USE_EVEN_COUNTER_MODE    ; OFF                     ; Untyped                     ;
; CLK5_USE_EVEN_COUNTER_MODE    ; OFF                     ; Untyped                     ;
; CLK4_USE_EVEN_COUNTER_MODE    ; OFF                     ; Untyped                     ;
; CLK3_USE_EVEN_COUNTER_MODE    ; OFF                     ; Untyped                     ;
; CLK2_USE_EVEN_COUNTER_MODE    ; OFF                     ; Untyped                     ;
; CLK1_USE_EVEN_COUNTER_MODE    ; OFF                     ; Untyped                     ;
; CLK0_USE_EVEN_COUNTER_MODE    ; OFF                     ; Untyped                     ;
; CLK9_USE_EVEN_COUNTER_VALUE   ; OFF                     ; Untyped                     ;
; CLK8_USE_EVEN_COUNTER_VALUE   ; OFF                     ; Untyped                     ;
; CLK7_USE_EVEN_COUNTER_VALUE   ; OFF                     ; Untyped                     ;
; CLK6_USE_EVEN_COUNTER_VALUE   ; OFF                     ; Untyped                     ;
; CLK5_USE_EVEN_COUNTER_VALUE   ; OFF                     ; Untyped                     ;
; CLK4_USE_EVEN_COUNTER_VALUE   ; OFF                     ; Untyped                     ;
; CLK3_USE_EVEN_COUNTER_VALUE   ; OFF                     ; Untyped                     ;
; CLK2_USE_EVEN_COUNTER_VALUE   ; OFF                     ; Untyped                     ;
; CLK1_USE_EVEN_COUNTER_VALUE   ; OFF                     ; Untyped                     ;
; CLK0_USE_EVEN_COUNTER_VALUE   ; OFF                     ; Untyped                     ;
; LOCK_WINDOW_UI                ;  0.05                   ; Untyped                     ;
; LOCK_WINDOW_UI_BITS           ; UNUSED                  ; Untyped                     ;
; VCO_RANGE_DETECTOR_LOW_BITS   ; UNUSED                  ; Untyped                     ;
; VCO_RANGE_DETECTOR_HIGH_BITS  ; UNUSED                  ; Untyped                     ;
; DPA_MULTIPLY_BY               ; 0                       ; Untyped                     ;
; DPA_DIVIDE_BY                 ; 1                       ; Untyped                     ;
; DPA_DIVIDER                   ; 0                       ; Untyped                     ;
; EXTCLK3_MULTIPLY_BY           ; 1                       ; Untyped                     ;
; EXTCLK2_MULTIPLY_BY           ; 1                       ; Untyped                     ;
; EXTCLK1_MULTIPLY_BY           ; 1                       ; Untyped                     ;
; EXTCLK0_MULTIPLY_BY           ; 1                       ; Untyped                     ;
; EXTCLK3_DIVIDE_BY             ; 1                       ; Untyped                     ;
; EXTCLK2_DIVIDE_BY             ; 1                       ; Untyped                     ;
; EXTCLK1_DIVIDE_BY             ; 1                       ; Untyped                     ;
; EXTCLK0_DIVIDE_BY             ; 1                       ; Untyped                     ;
; EXTCLK3_PHASE_SHIFT           ; 0                       ; Untyped                     ;
; EXTCLK2_PHASE_SHIFT           ; 0                       ; Untyped                     ;
; EXTCLK1_PHASE_SHIFT           ; 0                       ; Untyped                     ;
; EXTCLK0_PHASE_SHIFT           ; 0                       ; Untyped                     ;
; EXTCLK3_TIME_DELAY            ; 0                       ; Untyped                     ;
; EXTCLK2_TIME_DELAY            ; 0                       ; Untyped                     ;
; EXTCLK1_TIME_DELAY            ; 0                       ; Untyped                     ;
; EXTCLK0_TIME_DELAY            ; 0                       ; Untyped                     ;
; EXTCLK3_DUTY_CYCLE            ; 50                      ; Untyped                     ;
; EXTCLK2_DUTY_CYCLE            ; 50                      ; Untyped                     ;
; EXTCLK1_DUTY_CYCLE            ; 50                      ; Untyped                     ;
; EXTCLK0_DUTY_CYCLE            ; 50                      ; Untyped                     ;
; VCO_MULTIPLY_BY               ; 0                       ; Untyped                     ;
; VCO_DIVIDE_BY                 ; 0                       ; Untyped                     ;
; SCLKOUT0_PHASE_SHIFT          ; 0                       ; Untyped                     ;
; SCLKOUT1_PHASE_SHIFT          ; 0                       ; Untyped                     ;
; VCO_MIN                       ; 0                       ; Untyped                     ;
; VCO_MAX                       ; 0                       ; Untyped                     ;
; VCO_CENTER                    ; 0                       ; Untyped                     ;
; PFD_MIN                       ; 0                       ; Untyped                     ;
; PFD_MAX                       ; 0                       ; Untyped                     ;
; M_INITIAL                     ; 0                       ; Untyped                     ;
; M                             ; 0                       ; Untyped                     ;
; N                             ; 1                       ; Untyped                     ;
; M2                            ; 1                       ; Untyped                     ;
; N2                            ; 1                       ; Untyped                     ;
; SS                            ; 1                       ; Untyped                     ;
; C0_HIGH                       ; 0                       ; Untyped                     ;
; C1_HIGH                       ; 0                       ; Untyped                     ;
; C2_HIGH                       ; 0                       ; Untyped                     ;
; C3_HIGH                       ; 0                       ; Untyped                     ;
; C4_HIGH                       ; 0                       ; Untyped                     ;
; C5_HIGH                       ; 0                       ; Untyped                     ;
; C6_HIGH                       ; 0                       ; Untyped                     ;
; C7_HIGH                       ; 0                       ; Untyped                     ;
; C8_HIGH                       ; 0                       ; Untyped                     ;
; C9_HIGH                       ; 0                       ; Untyped                     ;
; C0_LOW                        ; 0                       ; Untyped                     ;
; C1_LOW                        ; 0                       ; Untyped                     ;
; C2_LOW                        ; 0                       ; Untyped                     ;
; C3_LOW                        ; 0                       ; Untyped                     ;
; C4_LOW                        ; 0                       ; Untyped                     ;
; C5_LOW                        ; 0                       ; Untyped                     ;
; C6_LOW                        ; 0                       ; Untyped                     ;
; C7_LOW                        ; 0                       ; Untyped                     ;
; C8_LOW                        ; 0                       ; Untyped                     ;
; C9_LOW                        ; 0                       ; Untyped                     ;
; C0_INITIAL                    ; 0                       ; Untyped                     ;
; C1_INITIAL                    ; 0                       ; Untyped                     ;
; C2_INITIAL                    ; 0                       ; Untyped                     ;
; C3_INITIAL                    ; 0                       ; Untyped                     ;
; C4_INITIAL                    ; 0                       ; Untyped                     ;
; C5_INITIAL                    ; 0                       ; Untyped                     ;
; C6_INITIAL                    ; 0                       ; Untyped                     ;
; C7_INITIAL                    ; 0                       ; Untyped                     ;
; C8_INITIAL                    ; 0                       ; Untyped                     ;
; C9_INITIAL                    ; 0                       ; Untyped                     ;
; C0_MODE                       ; BYPASS                  ; Untyped                     ;
; C1_MODE                       ; BYPASS                  ; Untyped                     ;
; C2_MODE                       ; BYPASS                  ; Untyped                     ;
; C3_MODE                       ; BYPASS                  ; Untyped                     ;
; C4_MODE                       ; BYPASS                  ; Untyped                     ;
; C5_MODE                       ; BYPASS                  ; Untyped                     ;
; C6_MODE                       ; BYPASS                  ; Untyped                     ;
; C7_MODE                       ; BYPASS                  ; Untyped                     ;
; C8_MODE                       ; BYPASS                  ; Untyped                     ;
; C9_MODE                       ; BYPASS                  ; Untyped                     ;
; C0_PH                         ; 0                       ; Untyped                     ;
; C1_PH                         ; 0                       ; Untyped                     ;
; C2_PH                         ; 0                       ; Untyped                     ;
; C3_PH                         ; 0                       ; Untyped                     ;
; C4_PH                         ; 0                       ; Untyped                     ;
; C5_PH                         ; 0                       ; Untyped                     ;
; C6_PH                         ; 0                       ; Untyped                     ;
; C7_PH                         ; 0                       ; Untyped                     ;
; C8_PH                         ; 0                       ; Untyped                     ;
; C9_PH                         ; 0                       ; Untyped                     ;
; L0_HIGH                       ; 1                       ; Untyped                     ;
; L1_HIGH                       ; 1                       ; Untyped                     ;
; G0_HIGH                       ; 1                       ; Untyped                     ;
; G1_HIGH                       ; 1                       ; Untyped                     ;
; G2_HIGH                       ; 1                       ; Untyped                     ;
; G3_HIGH                       ; 1                       ; Untyped                     ;
; E0_HIGH                       ; 1                       ; Untyped                     ;
; E1_HIGH                       ; 1                       ; Untyped                     ;
; E2_HIGH                       ; 1                       ; Untyped                     ;
; E3_HIGH                       ; 1                       ; Untyped                     ;
; L0_LOW                        ; 1                       ; Untyped                     ;
; L1_LOW                        ; 1                       ; Untyped                     ;
; G0_LOW                        ; 1                       ; Untyped                     ;
; G1_LOW                        ; 1                       ; Untyped                     ;
; G2_LOW                        ; 1                       ; Untyped                     ;
; G3_LOW                        ; 1                       ; Untyped                     ;
; E0_LOW                        ; 1                       ; Untyped                     ;
; E1_LOW                        ; 1                       ; Untyped                     ;
; E2_LOW                        ; 1                       ; Untyped                     ;
; E3_LOW                        ; 1                       ; Untyped                     ;
; L0_INITIAL                    ; 1                       ; Untyped                     ;
; L1_INITIAL                    ; 1                       ; Untyped                     ;
; G0_INITIAL                    ; 1                       ; Untyped                     ;
; G1_INITIAL                    ; 1                       ; Untyped                     ;
; G2_INITIAL                    ; 1                       ; Untyped                     ;
; G3_INITIAL                    ; 1                       ; Untyped                     ;
; E0_INITIAL                    ; 1                       ; Untyped                     ;
; E1_INITIAL                    ; 1                       ; Untyped                     ;
; E2_INITIAL                    ; 1                       ; Untyped                     ;
; E3_INITIAL                    ; 1                       ; Untyped                     ;
; L0_MODE                       ; BYPASS                  ; Untyped                     ;
; L1_MODE                       ; BYPASS                  ; Untyped                     ;
; G0_MODE                       ; BYPASS                  ; Untyped                     ;
; G1_MODE                       ; BYPASS                  ; Untyped                     ;
; G2_MODE                       ; BYPASS                  ; Untyped                     ;
; G3_MODE                       ; BYPASS                  ; Untyped                     ;
; E0_MODE                       ; BYPASS                  ; Untyped                     ;
; E1_MODE                       ; BYPASS                  ; Untyped                     ;
; E2_MODE                       ; BYPASS                  ; Untyped                     ;
; E3_MODE                       ; BYPASS                  ; Untyped                     ;
; L0_PH                         ; 0                       ; Untyped                     ;
; L1_PH                         ; 0                       ; Untyped                     ;
; G0_PH                         ; 0                       ; Untyped                     ;
; G1_PH                         ; 0                       ; Untyped                     ;
; G2_PH                         ; 0                       ; Untyped                     ;
; G3_PH                         ; 0                       ; Untyped                     ;
; E0_PH                         ; 0                       ; Untyped                     ;
; E1_PH                         ; 0                       ; Untyped                     ;
; E2_PH                         ; 0                       ; Untyped                     ;
; E3_PH                         ; 0                       ; Untyped                     ;
; M_PH                          ; 0                       ; Untyped                     ;
; C1_USE_CASC_IN                ; OFF                     ; Untyped                     ;
; C2_USE_CASC_IN                ; OFF                     ; Untyped                     ;
; C3_USE_CASC_IN                ; OFF                     ; Untyped                     ;
; C4_USE_CASC_IN                ; OFF                     ; Untyped                     ;
; C5_USE_CASC_IN                ; OFF                     ; Untyped                     ;
; C6_USE_CASC_IN                ; OFF                     ; Untyped                     ;
; C7_USE_CASC_IN                ; OFF                     ; Untyped                     ;
; C8_USE_CASC_IN                ; OFF                     ; Untyped                     ;
; C9_USE_CASC_IN                ; OFF                     ; Untyped                     ;
; CLK0_COUNTER                  ; G0                      ; Untyped                     ;
; CLK1_COUNTER                  ; G0                      ; Untyped                     ;
; CLK2_COUNTER                  ; G0                      ; Untyped                     ;
; CLK3_COUNTER                  ; G0                      ; Untyped                     ;
; CLK4_COUNTER                  ; G0                      ; Untyped                     ;
; CLK5_COUNTER                  ; G0                      ; Untyped                     ;
; CLK6_COUNTER                  ; E0                      ; Untyped                     ;
; CLK7_COUNTER                  ; E1                      ; Untyped                     ;
; CLK8_COUNTER                  ; E2                      ; Untyped                     ;
; CLK9_COUNTER                  ; E3                      ; Untyped                     ;
; L0_TIME_DELAY                 ; 0                       ; Untyped                     ;
; L1_TIME_DELAY                 ; 0                       ; Untyped                     ;
; G0_TIME_DELAY                 ; 0                       ; Untyped                     ;
; G1_TIME_DELAY                 ; 0                       ; Untyped                     ;
; G2_TIME_DELAY                 ; 0                       ; Untyped                     ;
; G3_TIME_DELAY                 ; 0                       ; Untyped                     ;
; E0_TIME_DELAY                 ; 0                       ; Untyped                     ;
; E1_TIME_DELAY                 ; 0                       ; Untyped                     ;
; E2_TIME_DELAY                 ; 0                       ; Untyped                     ;
; E3_TIME_DELAY                 ; 0                       ; Untyped                     ;
; M_TIME_DELAY                  ; 0                       ; Untyped                     ;
; N_TIME_DELAY                  ; 0                       ; Untyped                     ;
; EXTCLK3_COUNTER               ; E3                      ; Untyped                     ;
; EXTCLK2_COUNTER               ; E2                      ; Untyped                     ;
; EXTCLK1_COUNTER               ; E1                      ; Untyped                     ;
; EXTCLK0_COUNTER               ; E0                      ; Untyped                     ;
; ENABLE0_COUNTER               ; L0                      ; Untyped                     ;
; ENABLE1_COUNTER               ; L0                      ; Untyped                     ;
; CHARGE_PUMP_CURRENT           ; 2                       ; Untyped                     ;
; LOOP_FILTER_R                 ;  1.000000               ; Untyped                     ;
; LOOP_FILTER_C                 ; 5                       ; Untyped                     ;
; CHARGE_PUMP_CURRENT_BITS      ; 9999                    ; Untyped                     ;
; LOOP_FILTER_R_BITS            ; 9999                    ; Untyped                     ;
; LOOP_FILTER_C_BITS            ; 9999                    ; Untyped                     ;
; VCO_POST_SCALE                ; 0                       ; Untyped                     ;
; CLK2_OUTPUT_FREQUENCY         ; 0                       ; Untyped                     ;
; CLK1_OUTPUT_FREQUENCY         ; 0                       ; Untyped                     ;
; CLK0_OUTPUT_FREQUENCY         ; 0                       ; Untyped                     ;
; INTENDED_DEVICE_FAMILY        ; Cyclone IV E            ; Untyped                     ;
; PORT_CLKENA0                  ; PORT_UNUSED             ; Untyped                     ;
; PORT_CLKENA1                  ; PORT_UNUSED             ; Untyped                     ;
; PORT_CLKENA2                  ; PORT_UNUSED             ; Untyped                     ;
; PORT_CLKENA3                  ; PORT_UNUSED             ; Untyped                     ;
; PORT_CLKENA4                  ; PORT_UNUSED             ; Untyped                     ;
; PORT_CLKENA5                  ; PORT_UNUSED             ; Untyped                     ;
; PORT_EXTCLKENA0               ; PORT_CONNECTIVITY       ; Untyped                     ;
; PORT_EXTCLKENA1               ; PORT_CONNECTIVITY       ; Untyped                     ;
; PORT_EXTCLKENA2               ; PORT_CONNECTIVITY       ; Untyped                     ;
; PORT_EXTCLKENA3               ; PORT_CONNECTIVITY       ; Untyped                     ;
; PORT_EXTCLK0                  ; PORT_UNUSED             ; Untyped                     ;
; PORT_EXTCLK1                  ; PORT_UNUSED             ; Untyped                     ;
; PORT_EXTCLK2                  ; PORT_UNUSED             ; Untyped                     ;
; PORT_EXTCLK3                  ; PORT_UNUSED             ; Untyped                     ;
; PORT_CLKBAD0                  ; PORT_UNUSED             ; Untyped                     ;
; PORT_CLKBAD1                  ; PORT_UNUSED             ; Untyped                     ;
; PORT_CLK0                     ; PORT_USED               ; Untyped                     ;
; PORT_CLK1                     ; PORT_UNUSED             ; Untyped                     ;
; PORT_CLK2                     ; PORT_UNUSED             ; Untyped                     ;
; PORT_CLK3                     ; PORT_UNUSED             ; Untyped                     ;
; PORT_CLK4                     ; PORT_UNUSED             ; Untyped                     ;
; PORT_CLK5                     ; PORT_UNUSED             ; Untyped                     ;
; PORT_CLK6                     ; PORT_UNUSED             ; Untyped                     ;
; PORT_CLK7                     ; PORT_UNUSED             ; Untyped                     ;
; PORT_CLK8                     ; PORT_UNUSED             ; Untyped                     ;
; PORT_CLK9                     ; PORT_UNUSED             ; Untyped                     ;
; PORT_SCANDATA                 ; PORT_UNUSED             ; Untyped                     ;
; PORT_SCANDATAOUT              ; PORT_UNUSED             ; Untyped                     ;
; PORT_SCANDONE                 ; PORT_UNUSED             ; Untyped                     ;
; PORT_SCLKOUT1                 ; PORT_CONNECTIVITY       ; Untyped                     ;
; PORT_SCLKOUT0                 ; PORT_CONNECTIVITY       ; Untyped                     ;
; PORT_ACTIVECLOCK              ; PORT_UNUSED             ; Untyped                     ;
; PORT_CLKLOSS                  ; PORT_UNUSED             ; Untyped                     ;
; PORT_INCLK1                   ; PORT_UNUSED             ; Untyped                     ;
; PORT_INCLK0                   ; PORT_USED               ; Untyped                     ;
; PORT_FBIN                     ; PORT_UNUSED             ; Untyped                     ;
; PORT_PLLENA                   ; PORT_UNUSED             ; Untyped                     ;
; PORT_CLKSWITCH                ; PORT_UNUSED             ; Untyped                     ;
; PORT_ARESET                   ; PORT_UNUSED             ; Untyped                     ;
; PORT_PFDENA                   ; PORT_UNUSED             ; Untyped                     ;
; PORT_SCANCLK                  ; PORT_UNUSED             ; Untyped                     ;
; PORT_SCANACLR                 ; PORT_UNUSED             ; Untyped                     ;
; PORT_SCANREAD                 ; PORT_UNUSED             ; Untyped                     ;
; PORT_SCANWRITE                ; PORT_UNUSED             ; Untyped                     ;
; PORT_ENABLE0                  ; PORT_CONNECTIVITY       ; Untyped                     ;
; PORT_ENABLE1                  ; PORT_CONNECTIVITY       ; Untyped                     ;
; PORT_LOCKED                   ; PORT_USED               ; Untyped                     ;
; PORT_CONFIGUPDATE             ; PORT_UNUSED             ; Untyped                     ;
; PORT_FBOUT                    ; PORT_CONNECTIVITY       ; Untyped                     ;
; PORT_PHASEDONE                ; PORT_UNUSED             ; Untyped                     ;
; PORT_PHASESTEP                ; PORT_UNUSED             ; Untyped                     ;
; PORT_PHASEUPDOWN              ; PORT_UNUSED             ; Untyped                     ;
; PORT_SCANCLKENA               ; PORT_UNUSED             ; Untyped                     ;
; PORT_PHASECOUNTERSELECT       ; PORT_UNUSED             ; Untyped                     ;
; PORT_VCOOVERRANGE             ; PORT_CONNECTIVITY       ; Untyped                     ;
; PORT_VCOUNDERRANGE            ; PORT_CONNECTIVITY       ; Untyped                     ;
; M_TEST_SOURCE                 ; 5                       ; Untyped                     ;
; C0_TEST_SOURCE                ; 5                       ; Untyped                     ;
; C1_TEST_SOURCE                ; 5                       ; Untyped                     ;
; C2_TEST_SOURCE                ; 5                       ; Untyped                     ;
; C3_TEST_SOURCE                ; 5                       ; Untyped                     ;
; C4_TEST_SOURCE                ; 5                       ; Untyped                     ;
; C5_TEST_SOURCE                ; 5                       ; Untyped                     ;
; C6_TEST_SOURCE                ; 5                       ; Untyped                     ;
; C7_TEST_SOURCE                ; 5                       ; Untyped                     ;
; C8_TEST_SOURCE                ; 5                       ; Untyped                     ;
; C9_TEST_SOURCE                ; 5                       ; Untyped                     ;
; CBXI_PARAMETER                ; mypll_altpll            ; Untyped                     ;
; VCO_FREQUENCY_CONTROL         ; AUTO                    ; Untyped                     ;
; VCO_PHASE_SHIFT_STEP          ; 0                       ; Untyped                     ;
; WIDTH_CLOCK                   ; 5                       ; Signed Integer              ;
; WIDTH_PHASECOUNTERSELECT      ; 4                       ; Untyped                     ;
; USING_FBMIMICBIDIR_PORT       ; OFF                     ; Untyped                     ;
; DEVICE_FAMILY                 ; Cyclone IV E            ; Untyped                     ;
; SCAN_CHAIN_MIF_FILE           ; UNUSED                  ; Untyped                     ;
; SIM_GATE_LOCK_DEVICE_BEHAVIOR ; OFF                     ; Untyped                     ;
; AUTO_CARRY_CHAINS             ; ON                      ; AUTO_CARRY                  ;
; IGNORE_CARRY_BUFFERS          ; OFF                     ; IGNORE_CARRY                ;
; AUTO_CASCADE_CHAINS           ; ON                      ; AUTO_CASCADE                ;
; IGNORE_CASCADE_BUFFERS        ; OFF                     ; IGNORE_CASCADE              ;
+-------------------------------+-------------------------+-----------------------------+
Note: In order to hide this table in the UI and the text report file, please set the "Show Parameter Settings in Synthesis Report" option in "Analysis and Synthesis Settings -> More Settings" to "Off".


+-------------------------------------------------------------------+
; Parameter Settings for User Entity Instance: display:display_inst ;
+----------------+-------+------------------------------------------+
; Parameter Name ; Value ; Type                                     ;
+----------------+-------+------------------------------------------+
; NUM_RED_LEDS   ; 16    ; Signed Integer                           ;
; NUM_GREEN_LEDS ; 16    ; Signed Integer                           ;
; NUM_SEGMENTS   ; 6     ; Signed Integer                           ;
+----------------+-------+------------------------------------------+
Note: In order to hide this table in the UI and the text report file, please set the "Show Parameter Settings in Synthesis Report" option in "Analysis and Synthesis Settings -> More Settings" to "Off".


+-----------------------------------------------------------------------------------+
; Parameter Settings for User Entity Instance: display:display_inst|hvsync:u_hvsync ;
+------------------+-------+--------------------------------------------------------+
; Parameter Name   ; Value ; Type                                                   ;
+------------------+-------+--------------------------------------------------------+
; horz_front_porch ; 110   ; Signed Integer                                         ;
; horz_sync        ; 40    ; Signed Integer                                         ;
; horz_back_porch  ; 220   ; Signed Integer                                         ;
; horz_addr_time   ; 1280  ; Signed Integer                                         ;
; vert_front_porch ; 5     ; Signed Integer                                         ;
; vert_sync        ; 5     ; Signed Integer                                         ;
; vert_back_porch  ; 20    ; Signed Integer                                         ;
; vert_addr_time   ; 720   ; Signed Integer                                         ;
+------------------+-------+--------------------------------------------------------+
Note: In order to hide this table in the UI and the text report file, please set the "Show Parameter Settings in Synthesis Report" option in "Analysis and Synthesis Settings -> More Settings" to "Off".


+--------------------------------------------------------------------------+
; altpll Parameter Settings by Entity Instance                             ;
+-------------------------------+------------------------------------------+
; Name                          ; Value                                    ;
+-------------------------------+------------------------------------------+
; Number of entity instances    ; 1                                        ;
; Entity Instance               ; mypll:mypll_inst|altpll:altpll_component ;
;     -- OPERATION_MODE         ; NORMAL                                   ;
;     -- PLL_TYPE               ; AUTO                                     ;
;     -- PRIMARY_CLOCK          ; INCLK0                                   ;
;     -- INCLK0_INPUT_FREQUENCY ; 20000                                    ;
;     -- INCLK1_INPUT_FREQUENCY ; 0                                        ;
;     -- VCO_MULTIPLY_BY        ; 0                                        ;
;     -- VCO_DIVIDE_BY          ; 0                                        ;
+-------------------------------+------------------------------------------+


+------------------------------------------------------------------------------------------------------------------+
; Port Connectivity Checks: "display:display_inst|hvsync:u_hvsync"                                                 ;
+--------+--------+----------+-------------------------------------------------------------------------------------+
; Port   ; Type   ; Severity ; Details                                                                             ;
+--------+--------+----------+-------------------------------------------------------------------------------------+
; active ; Output ; Info     ; Connected to dangling logic. Logic that only feeds a dangling port will be removed. ;
; dbg    ; Output ; Info     ; Explicitly unconnected                                                              ;
+--------+--------+----------+-------------------------------------------------------------------------------------+


+------------------------------------------------------------------------------------------------------------------------------------------------------------------------------------------------------------------+
; Port Connectivity Checks: "display:display_inst"                                                                                                                                                                 ;
+----------+-------+----------+------------------------------------------------------------------------------------------------------------------------------------------------------------------------------------+
; Port     ; Type  ; Severity ; Details                                                                                                                                                                            ;
+----------+-------+----------+------------------------------------------------------------------------------------------------------------------------------------------------------------------------------------+
; segments ; Input ; Warning  ; Input port expression (32 bits) is wider than the input port (24 bits) it drives.  The 8 most-significant bit(s) in the expression will be dangling if they have no other fanouts. ;
+----------+-------+----------+------------------------------------------------------------------------------------------------------------------------------------------------------------------------------------+


+-----------------------------------------------------+
; Post-Synthesis Netlist Statistics for Top Partition ;
+-----------------------+-----------------------------+
; Type                  ; Count                       ;
+-----------------------+-----------------------------+
; boundary_port         ; 25                          ;
; cycloneiii_ff         ; 142                         ;
;     CLR               ; 3                           ;
;     CLR SCLR          ; 12                          ;
;     CLR SLD           ; 12                          ;
;     ENA               ; 25                          ;
;     ENA CLR           ; 39                          ;
;     plain             ; 51                          ;
; cycloneiii_lcell_comb ; 255                         ;
;     arith             ; 60                          ;
;         2 data inputs ; 59                          ;
;         3 data inputs ; 1                           ;
;     normal            ; 195                         ;
;         0 data inputs ; 1                           ;
;         1 data inputs ; 6                           ;
;         2 data inputs ; 9                           ;
;         3 data inputs ; 29                          ;
;         4 data inputs ; 150                         ;
; cycloneiii_pll        ; 1                           ;
;                       ;                             ;
; Max LUT depth         ; 16.00                       ;
; Average LUT depth     ; 5.63                        ;
+-----------------------+-----------------------------+


+-------------------------------+
; Elapsed Time Per Partition    ;
+----------------+--------------+
; Partition Name ; Elapsed Time ;
+----------------+--------------+
; Top            ; 00:00:01     ;
+----------------+--------------+


+-------------------------------+
; Analysis & Synthesis Messages ;
+-------------------------------+
Info: *******************************************************************
Info: Running Quartus Prime Analysis & Synthesis
    Info: Version 17.0.0 Build 595 04/25/2017 SJ Lite Edition
    Info: Processing started: Thu Nov 23 16:00:51 2017
Info: Command: quartus_map --read_settings_files=on --write_settings_files=off ve_ep4ce10 -c ve_ep4ce10
Warning (18236): Number of processors has not been specified which may cause overloading on shared machines.  Set the global assignment NUM_PARALLEL_PROCESSORS in your QSF to an appropriate value for best performance.
Info (20030): Parallel compilation is enabled and will use 4 of the 4 processors detected
Info (12021): Found 1 design units, including 1 entities, in source file hvsync.v
    Info (12023): Found entity 1: hvsync File: E:/projects/prj_fpga_altera/prj_VE-EP4CE10E/ep4_prj/tmp/hdmi_leds_seg7-master/hvsync.v Line: 6
Warning (12019): Can't analyze file -- file hdmi.v is missing
Info (12021): Found 1 design units, including 1 entities, in source file display.v
    Info (12023): Found entity 1: display File: E:/projects/prj_fpga_altera/prj_VE-EP4CE10E/ep4_prj/tmp/hdmi_leds_seg7-master/display.v Line: 5
Info (12021): Found 1 design units, including 1 entities, in source file mypll.v
    Info (12023): Found entity 1: mypll File: E:/projects/prj_fpga_altera/prj_VE-EP4CE10E/ep4_prj/tmp/hdmi_leds_seg7-master/mypll.v Line: 40
Info (12021): Found 1 design units, including 1 entities, in source file vga_leds.v
    Info (12023): Found entity 1: vga_leds File: E:/projects/prj_fpga_altera/prj_VE-EP4CE10E/ep4_prj/tmp/hdmi_leds_seg7-master/vga_leds.v Line: 2
Info (12127): Elaborating entity "vga_leds" for the top level hierarchy
Warning (10034): Output port "LED" at vga_leds.v(6) has no driver File: E:/projects/prj_fpga_altera/prj_VE-EP4CE10E/ep4_prj/tmp/hdmi_leds_seg7-master/vga_leds.v Line: 6
Info (12128): Elaborating entity "mypll" for hierarchy "mypll:mypll_inst" File: E:/projects/prj_fpga_altera/prj_VE-EP4CE10E/ep4_prj/tmp/hdmi_leds_seg7-master/vga_leds.v Line: 25
Info (12128): Elaborating entity "altpll" for hierarchy "mypll:mypll_inst|altpll:altpll_component" File: E:/projects/prj_fpga_altera/prj_VE-EP4CE10E/ep4_prj/tmp/hdmi_leds_seg7-master/mypll.v Line: 95
Info (12130): Elaborated megafunction instantiation "mypll:mypll_inst|altpll:altpll_component" File: E:/projects/prj_fpga_altera/prj_VE-EP4CE10E/ep4_prj/tmp/hdmi_leds_seg7-master/mypll.v Line: 95
Info (12133): Instantiated megafunction "mypll:mypll_inst|altpll:altpll_component" with the following parameter: File: E:/projects/prj_fpga_altera/prj_VE-EP4CE10E/ep4_prj/tmp/hdmi_leds_seg7-master/mypll.v Line: 95
    Info (12134): Parameter "bandwidth_type" = "AUTO"
    Info (12134): Parameter "clk0_divide_by" = "25"
    Info (12134): Parameter "clk0_duty_cycle" = "50"
    Info (12134): Parameter "clk0_multiply_by" = "37"
    Info (12134): Parameter "clk0_phase_shift" = "0"
    Info (12134): Parameter "compensate_clock" = "CLK0"
    Info (12134): Parameter "inclk0_input_frequency" = "20000"
    Info (12134): Parameter "intended_device_family" = "Cyclone IV E"
    Info (12134): Parameter "lpm_hint" = "CBX_MODULE_PREFIX=mypll"
    Info (12134): Parameter "lpm_type" = "altpll"
    Info (12134): Parameter "operation_mode" = "NORMAL"
    Info (12134): Parameter "pll_type" = "AUTO"
    Info (12134): Parameter "port_activeclock" = "PORT_UNUSED"
    Info (12134): Parameter "port_areset" = "PORT_UNUSED"
    Info (12134): Parameter "port_clkbad0" = "PORT_UNUSED"
    Info (12134): Parameter "port_clkbad1" = "PORT_UNUSED"
    Info (12134): Parameter "port_clkloss" = "PORT_UNUSED"
    Info (12134): Parameter "port_clkswitch" = "PORT_UNUSED"
    Info (12134): Parameter "port_configupdate" = "PORT_UNUSED"
    Info (12134): Parameter "port_fbin" = "PORT_UNUSED"
    Info (12134): Parameter "port_inclk0" = "PORT_USED"
    Info (12134): Parameter "port_inclk1" = "PORT_UNUSED"
    Info (12134): Parameter "port_locked" = "PORT_USED"
    Info (12134): Parameter "port_pfdena" = "PORT_UNUSED"
    Info (12134): Parameter "port_phasecounterselect" = "PORT_UNUSED"
    Info (12134): Parameter "port_phasedone" = "PORT_UNUSED"
    Info (12134): Parameter "port_phasestep" = "PORT_UNUSED"
    Info (12134): Parameter "port_phaseupdown" = "PORT_UNUSED"
    Info (12134): Parameter "port_pllena" = "PORT_UNUSED"
    Info (12134): Parameter "port_scanaclr" = "PORT_UNUSED"
    Info (12134): Parameter "port_scanclk" = "PORT_UNUSED"
    Info (12134): Parameter "port_scanclkena" = "PORT_UNUSED"
    Info (12134): Parameter "port_scandata" = "PORT_UNUSED"
    Info (12134): Parameter "port_scandataout" = "PORT_UNUSED"
    Info (12134): Parameter "port_scandone" = "PORT_UNUSED"
    Info (12134): Parameter "port_scanread" = "PORT_UNUSED"
    Info (12134): Parameter "port_scanwrite" = "PORT_UNUSED"
    Info (12134): Parameter "port_clk0" = "PORT_USED"
    Info (12134): Parameter "port_clk1" = "PORT_UNUSED"
    Info (12134): Parameter "port_clk2" = "PORT_UNUSED"
    Info (12134): Parameter "port_clk3" = "PORT_UNUSED"
    Info (12134): Parameter "port_clk4" = "PORT_UNUSED"
    Info (12134): Parameter "port_clk5" = "PORT_UNUSED"
    Info (12134): Parameter "port_clkena0" = "PORT_UNUSED"
    Info (12134): Parameter "port_clkena1" = "PORT_UNUSED"
    Info (12134): Parameter "port_clkena2" = "PORT_UNUSED"
    Info (12134): Parameter "port_clkena3" = "PORT_UNUSED"
    Info (12134): Parameter "port_clkena4" = "PORT_UNUSED"
    Info (12134): Parameter "port_clkena5" = "PORT_UNUSED"
    Info (12134): Parameter "port_extclk0" = "PORT_UNUSED"
    Info (12134): Parameter "port_extclk1" = "PORT_UNUSED"
    Info (12134): Parameter "port_extclk2" = "PORT_UNUSED"
    Info (12134): Parameter "port_extclk3" = "PORT_UNUSED"
    Info (12134): Parameter "self_reset_on_loss_lock" = "OFF"
    Info (12134): Parameter "width_clock" = "5"
Info (12021): Found 1 design units, including 1 entities, in source file db/mypll_altpll.v
    Info (12023): Found entity 1: mypll_altpll File: E:/projects/prj_fpga_altera/prj_VE-EP4CE10E/ep4_prj/tmp/hdmi_leds_seg7-master/db/mypll_altpll.v Line: 30
Info (12128): Elaborating entity "mypll_altpll" for hierarchy "mypll:mypll_inst|altpll:altpll_component|mypll_altpll:auto_generated" File: d:/dev/intel/17.0/quartus/libraries/megafunctions/altpll.tdf Line: 898
Info (12128): Elaborating entity "display" for hierarchy "display:display_inst" File: E:/projects/prj_fpga_altera/prj_VE-EP4CE10E/ep4_prj/tmp/hdmi_leds_seg7-master/vga_leds.v Line: 48
Warning (10036): Verilog HDL or VHDL warning at display.v(51): object "d_active" assigned a value but never read File: E:/projects/prj_fpga_altera/prj_VE-EP4CE10E/ep4_prj/tmp/hdmi_leds_seg7-master/display.v Line: 51
Warning (10230): Verilog HDL assignment warning at display.v(78): truncated value with size 32 to match size of target (4) File: E:/projects/prj_fpga_altera/prj_VE-EP4CE10E/ep4_prj/tmp/hdmi_leds_seg7-master/display.v Line: 78
Warning (10230): Verilog HDL assignment warning at display.v(79): truncated value with size 32 to match size of target (1) File: E:/projects/prj_fpga_altera/prj_VE-EP4CE10E/ep4_prj/tmp/hdmi_leds_seg7-master/display.v Line: 79
Warning (10230): Verilog HDL assignment warning at display.v(80): truncated value with size 32 to match size of target (1) File: E:/projects/prj_fpga_altera/prj_VE-EP4CE10E/ep4_prj/tmp/hdmi_leds_seg7-master/display.v Line: 80
Warning (10230): Verilog HDL assignment warning at display.v(136): truncated value with size 8 to match size of target (7) File: E:/projects/prj_fpga_altera/prj_VE-EP4CE10E/ep4_prj/tmp/hdmi_leds_seg7-master/display.v Line: 136
Warning (10230): Verilog HDL assignment warning at display.v(137): truncated value with size 8 to match size of target (7) File: E:/projects/prj_fpga_altera/prj_VE-EP4CE10E/ep4_prj/tmp/hdmi_leds_seg7-master/display.v Line: 137
Warning (10230): Verilog HDL assignment warning at display.v(138): truncated value with size 8 to match size of target (7) File: E:/projects/prj_fpga_altera/prj_VE-EP4CE10E/ep4_prj/tmp/hdmi_leds_seg7-master/display.v Line: 138
Warning (10230): Verilog HDL assignment warning at display.v(139): truncated value with size 8 to match size of target (7) File: E:/projects/prj_fpga_altera/prj_VE-EP4CE10E/ep4_prj/tmp/hdmi_leds_seg7-master/display.v Line: 139
Warning (10230): Verilog HDL assignment warning at display.v(140): truncated value with size 8 to match size of target (7) File: E:/projects/prj_fpga_altera/prj_VE-EP4CE10E/ep4_prj/tmp/hdmi_leds_seg7-master/display.v Line: 140
Warning (10230): Verilog HDL assignment warning at display.v(141): truncated value with size 8 to match size of target (7) File: E:/projects/prj_fpga_altera/prj_VE-EP4CE10E/ep4_prj/tmp/hdmi_leds_seg7-master/display.v Line: 141
Warning (10230): Verilog HDL assignment warning at display.v(327): truncated value with size 10 to match size of target (4) File: E:/projects/prj_fpga_altera/prj_VE-EP4CE10E/ep4_prj/tmp/hdmi_leds_seg7-master/display.v Line: 327
Warning (10230): Verilog HDL assignment warning at display.v(328): truncated value with size 10 to match size of target (4) File: E:/projects/prj_fpga_altera/prj_VE-EP4CE10E/ep4_prj/tmp/hdmi_leds_seg7-master/display.v Line: 328
Warning (10230): Verilog HDL assignment warning at display.v(329): truncated value with size 10 to match size of target (4) File: E:/projects/prj_fpga_altera/prj_VE-EP4CE10E/ep4_prj/tmp/hdmi_leds_seg7-master/display.v Line: 329
Warning (10230): Verilog HDL assignment warning at display.v(332): truncated value with size 10 to match size of target (4) File: E:/projects/prj_fpga_altera/prj_VE-EP4CE10E/ep4_prj/tmp/hdmi_leds_seg7-master/display.v Line: 332
Warning (10230): Verilog HDL assignment warning at display.v(333): truncated value with size 10 to match size of target (4) File: E:/projects/prj_fpga_altera/prj_VE-EP4CE10E/ep4_prj/tmp/hdmi_leds_seg7-master/display.v Line: 333
Warning (10230): Verilog HDL assignment warning at display.v(334): truncated value with size 10 to match size of target (4) File: E:/projects/prj_fpga_altera/prj_VE-EP4CE10E/ep4_prj/tmp/hdmi_leds_seg7-master/display.v Line: 334
Warning (10230): Verilog HDL assignment warning at display.v(337): truncated value with size 10 to match size of target (4) File: E:/projects/prj_fpga_altera/prj_VE-EP4CE10E/ep4_prj/tmp/hdmi_leds_seg7-master/display.v Line: 337
Warning (10230): Verilog HDL assignment warning at display.v(338): truncated value with size 10 to match size of target (4) File: E:/projects/prj_fpga_altera/prj_VE-EP4CE10E/ep4_prj/tmp/hdmi_leds_seg7-master/display.v Line: 338
Warning (10230): Verilog HDL assignment warning at display.v(339): truncated value with size 10 to match size of target (4) File: E:/projects/prj_fpga_altera/prj_VE-EP4CE10E/ep4_prj/tmp/hdmi_leds_seg7-master/display.v Line: 339
Warning (10230): Verilog HDL assignment warning at display.v(342): truncated value with size 10 to match size of target (4) File: E:/projects/prj_fpga_altera/prj_VE-EP4CE10E/ep4_prj/tmp/hdmi_leds_seg7-master/display.v Line: 342
Warning (10230): Verilog HDL assignment warning at display.v(343): truncated value with size 10 to match size of target (4) File: E:/projects/prj_fpga_altera/prj_VE-EP4CE10E/ep4_prj/tmp/hdmi_leds_seg7-master/display.v Line: 343
Warning (10230): Verilog HDL assignment warning at display.v(344): truncated value with size 10 to match size of target (4) File: E:/projects/prj_fpga_altera/prj_VE-EP4CE10E/ep4_prj/tmp/hdmi_leds_seg7-master/display.v Line: 344
Warning (10230): Verilog HDL assignment warning at display.v(347): truncated value with size 10 to match size of target (4) File: E:/projects/prj_fpga_altera/prj_VE-EP4CE10E/ep4_prj/tmp/hdmi_leds_seg7-master/display.v Line: 347
Warning (10230): Verilog HDL assignment warning at display.v(348): truncated value with size 10 to match size of target (4) File: E:/projects/prj_fpga_altera/prj_VE-EP4CE10E/ep4_prj/tmp/hdmi_leds_seg7-master/display.v Line: 348
Warning (10230): Verilog HDL assignment warning at display.v(349): truncated value with size 10 to match size of target (4) File: E:/projects/prj_fpga_altera/prj_VE-EP4CE10E/ep4_prj/tmp/hdmi_leds_seg7-master/display.v Line: 349
Warning (10230): Verilog HDL assignment warning at display.v(352): truncated value with size 10 to match size of target (4) File: E:/projects/prj_fpga_altera/prj_VE-EP4CE10E/ep4_prj/tmp/hdmi_leds_seg7-master/display.v Line: 352
Warning (10230): Verilog HDL assignment warning at display.v(353): truncated value with size 10 to match size of target (4) File: E:/projects/prj_fpga_altera/prj_VE-EP4CE10E/ep4_prj/tmp/hdmi_leds_seg7-master/display.v Line: 353
Warning (10230): Verilog HDL assignment warning at display.v(354): truncated value with size 10 to match size of target (4) File: E:/projects/prj_fpga_altera/prj_VE-EP4CE10E/ep4_prj/tmp/hdmi_leds_seg7-master/display.v Line: 354
Warning (10230): Verilog HDL assignment warning at display.v(357): truncated value with size 10 to match size of target (4) File: E:/projects/prj_fpga_altera/prj_VE-EP4CE10E/ep4_prj/tmp/hdmi_leds_seg7-master/display.v Line: 357
Warning (10230): Verilog HDL assignment warning at display.v(358): truncated value with size 10 to match size of target (4) File: E:/projects/prj_fpga_altera/prj_VE-EP4CE10E/ep4_prj/tmp/hdmi_leds_seg7-master/display.v Line: 358
Warning (10230): Verilog HDL assignment warning at display.v(359): truncated value with size 10 to match size of target (4) File: E:/projects/prj_fpga_altera/prj_VE-EP4CE10E/ep4_prj/tmp/hdmi_leds_seg7-master/display.v Line: 359
Info (12128): Elaborating entity "hvsync" for hierarchy "display:display_inst|hvsync:u_hvsync" File: E:/projects/prj_fpga_altera/prj_VE-EP4CE10E/ep4_prj/tmp/hdmi_leds_seg7-master/display.v Line: 49
Warning (10230): Verilog HDL assignment warning at hvsync.v(51): truncated value with size 32 to match size of target (12) File: E:/projects/prj_fpga_altera/prj_VE-EP4CE10E/ep4_prj/tmp/hdmi_leds_seg7-master/hvsync.v Line: 51
Warning (12241): 1 hierarchies have connectivity warnings - see the Connectivity Checks report folder
Warning (13024): Output pins are stuck at VCC or GND
    Warning (13410): Pin "LED[0]" is stuck at GND File: E:/projects/prj_fpga_altera/prj_VE-EP4CE10E/ep4_prj/tmp/hdmi_leds_seg7-master/vga_leds.v Line: 6
    Warning (13410): Pin "LED[1]" is stuck at GND File: E:/projects/prj_fpga_altera/prj_VE-EP4CE10E/ep4_prj/tmp/hdmi_leds_seg7-master/vga_leds.v Line: 6
    Warning (13410): Pin "LED[2]" is stuck at GND File: E:/projects/prj_fpga_altera/prj_VE-EP4CE10E/ep4_prj/tmp/hdmi_leds_seg7-master/vga_leds.v Line: 6
    Warning (13410): Pin "LED[3]" is stuck at GND File: E:/projects/prj_fpga_altera/prj_VE-EP4CE10E/ep4_prj/tmp/hdmi_leds_seg7-master/vga_leds.v Line: 6
    Warning (13410): Pin "LED[4]" is stuck at GND File: E:/projects/prj_fpga_altera/prj_VE-EP4CE10E/ep4_prj/tmp/hdmi_leds_seg7-master/vga_leds.v Line: 6
    Warning (13410): Pin "LED[5]" is stuck at GND File: E:/projects/prj_fpga_altera/prj_VE-EP4CE10E/ep4_prj/tmp/hdmi_leds_seg7-master/vga_leds.v Line: 6
    Warning (13410): Pin "LED[6]" is stuck at GND File: E:/projects/prj_fpga_altera/prj_VE-EP4CE10E/ep4_prj/tmp/hdmi_leds_seg7-master/vga_leds.v Line: 6
    Warning (13410): Pin "LED[7]" is stuck at GND File: E:/projects/prj_fpga_altera/prj_VE-EP4CE10E/ep4_prj/tmp/hdmi_leds_seg7-master/vga_leds.v Line: 6
    Warning (13410): Pin "b[1]" is stuck at GND File: E:/projects/prj_fpga_altera/prj_VE-EP4CE10E/ep4_prj/tmp/hdmi_leds_seg7-master/vga_leds.v Line: 15
    Warning (13410): Pin "b[2]" is stuck at GND File: E:/projects/prj_fpga_altera/prj_VE-EP4CE10E/ep4_prj/tmp/hdmi_leds_seg7-master/vga_leds.v Line: 15
    Warning (13410): Pin "b[3]" is stuck at GND File: E:/projects/prj_fpga_altera/prj_VE-EP4CE10E/ep4_prj/tmp/hdmi_leds_seg7-master/vga_leds.v Line: 15
Info (286030): Timing-Driven Synthesis is running
Info (17049): 13 registers lost all their fanouts during netlist optimizations.
Info (16010): Generating hard_block partition "hard_block:auto_generated_inst"
    Info (16011): Adding 1 node(s), including 0 DDIO, 1 PLL, 0 transceiver and 0 LCELL
Info (21057): Implemented 306 device resources after synthesis - the final resource count might be different
    Info (21058): Implemented 3 input pins
    Info (21059): Implemented 22 output pins
    Info (21061): Implemented 280 logic cells
    Info (21065): Implemented 1 PLLs
Info: Quartus Prime Analysis & Synthesis was successful. 0 errors, 48 warnings
    Info: Peak virtual memory: 645 megabytes
    Info: Processing ended: Thu Nov 23 16:01:05 2017
    Info: Elapsed time: 00:00:14
    Info: Total CPU time (on all processors): 00:00:29


