Flow report for ve_ep4ce10
Thu Nov 23 16:01:21 2017
Quartus Prime Version 17.0.0 Build 595 04/25/2017 SJ Lite Edition


---------------------
; Table of Contents ;
---------------------
  1. Legal Notice
  2. Flow Summary
  3. Flow Settings
  4. Flow Non-Default Global Settings
  5. Flow Elapsed Time
  6. Flow OS Summary
  7. Flow Log
  8. Flow Messages
  9. Flow Suppressed Messages



----------------
; Legal Notice ;
----------------
Copyright (C) 2017  Intel Corporation. All rights reserved.
Your use of Intel Corporation's design tools, logic functions 
and other software and tools, and its AMPP partner logic 
functions, and any output files from any of the foregoing 
(including device programming or simulation files), and any 
associated documentation or information are expressly subject 
to the terms and conditions of the Intel Program License 
Subscription Agreement, the Intel Quartus Prime License Agreement,
the Intel MegaCore Function License Agreement, or other 
applicable license agreement, including, without limitation, 
that your use is for the sole purpose of programming logic 
devices manufactured by Intel and sold by Intel or its 
authorized distributors.  Please refer to the applicable 
agreement for further details.



+----------------------------------------------------------------------------------+
; Flow Summary                                                                     ;
+------------------------------------+---------------------------------------------+
; Flow Status                        ; Successful - Thu Nov 23 16:01:18 2017       ;
; Quartus Prime Version              ; 17.0.0 Build 595 04/25/2017 SJ Lite Edition ;
; Revision Name                      ; ve_ep4ce10                                  ;
; Top-level Entity Name              ; vga_leds                                    ;
; Family                             ; Cyclone IV E                                ;
; Device                             ; EP4CE10E22I7                                ;
; Timing Models                      ; Final                                       ;
; Total logic elements               ; 269 / 10,320 ( 3 % )                        ;
;     Total combinational functions  ; 252 / 10,320 ( 2 % )                        ;
;     Dedicated logic registers      ; 142 / 10,320 ( 1 % )                        ;
; Total registers                    ; 142                                         ;
; Total pins                         ; 25 / 92 ( 27 % )                            ;
; Total virtual pins                 ; 0                                           ;
; Total memory bits                  ; 0 / 423,936 ( 0 % )                         ;
; Embedded Multiplier 9-bit elements ; 0 / 46 ( 0 % )                              ;
; Total PLLs                         ; 1 / 2 ( 50 % )                              ;
+------------------------------------+---------------------------------------------+


+-----------------------------------------+
; Flow Settings                           ;
+-------------------+---------------------+
; Option            ; Setting             ;
+-------------------+---------------------+
; Start date & time ; 11/23/2017 16:00:51 ;
; Main task         ; Compilation         ;
; Revision Name     ; ve_ep4ce10          ;
+-------------------+---------------------+


+-------------------------------------------------------------------------------------------------------------------------+
; Flow Non-Default Global Settings                                                                                        ;
+-------------------------------------+----------------------------------------+---------------+-------------+------------+
; Assignment Name                     ; Value                                  ; Default Value ; Entity Name ; Section Id ;
+-------------------------------------+----------------------------------------+---------------+-------------+------------+
; COMPILER_SIGNATURE_ID               ; 106528728471010.151143485106104        ; --            ; --          ; --         ;
; ENABLE_SIGNALTAP                    ; Off                                    ; --            ; --          ; --         ;
; FLOW_ENABLE_POWER_ANALYZER          ; On                                     ; Off           ; --          ; --         ;
; MAX_CORE_JUNCTION_TEMP              ; 100                                    ; --            ; --          ; --         ;
; MIN_CORE_JUNCTION_TEMP              ; -40                                    ; --            ; --          ; --         ;
; MISC_FILE                           ; mypll.bsf                              ; --            ; --          ; --         ;
; MISC_FILE                           ; mypll_bb.v                             ; --            ; --          ; --         ;
; MISC_FILE                           ; mypll.ppf                              ; --            ; --          ; --         ;
; OUTPUT_IO_TIMING_FAR_END_VMEAS      ; Half Signal Swing                      ; --            ; --          ; --         ;
; OUTPUT_IO_TIMING_FAR_END_VMEAS      ; Half Signal Swing                      ; --            ; --          ; --         ;
; OUTPUT_IO_TIMING_NEAR_END_VMEAS     ; Half Vccio                             ; --            ; --          ; --         ;
; OUTPUT_IO_TIMING_NEAR_END_VMEAS     ; Half Vccio                             ; --            ; --          ; --         ;
; PARTITION_COLOR                     ; -- (Not supported for targeted family) ; --            ; vga_leds    ; Top        ;
; PARTITION_FITTER_PRESERVATION_LEVEL ; -- (Not supported for targeted family) ; --            ; vga_leds    ; Top        ;
; PARTITION_NETLIST_TYPE              ; -- (Not supported for targeted family) ; --            ; vga_leds    ; Top        ;
; POWER_BOARD_THERMAL_MODEL           ; None (CONSERVATIVE)                    ; --            ; --          ; --         ;
; POWER_DEFAULT_INPUT_IO_TOGGLE_RATE  ; 12.5 %                                 ; 12.5%         ; --          ; --         ;
; POWER_PRESET_COOLING_SOLUTION       ; 23 MM HEAT SINK WITH 200 LFPM AIRFLOW  ; --            ; --          ; --         ;
; PROJECT_OUTPUT_DIRECTORY            ; output_files                           ; --            ; --          ; --         ;
; TOP_LEVEL_ENTITY                    ; vga_leds                               ; ve_ep4ce10    ; --          ; --         ;
; USE_SIGNALTAP_FILE                  ; stp1.stp                               ; --            ; --          ; --         ;
+-------------------------------------+----------------------------------------+---------------+-------------+------------+


+-------------------------------------------------------------------------------------------------------------------------------+
; Flow Elapsed Time                                                                                                             ;
+---------------------------+--------------+-------------------------+---------------------+------------------------------------+
; Module Name               ; Elapsed Time ; Average Processors Used ; Peak Virtual Memory ; Total CPU Time (on all processors) ;
+---------------------------+--------------+-------------------------+---------------------+------------------------------------+
; Analysis & Synthesis      ; 00:00:14     ; 1.0                     ; 645 MB              ; 00:00:29                           ;
; Fitter                    ; 00:00:06     ; 1.0                     ; 1281 MB             ; 00:00:07                           ;
; Assembler                 ; 00:00:01     ; 1.0                     ; 543 MB              ; 00:00:01                           ;
; PowerPlay Power Analyzer  ; 00:00:03     ; 1.0                     ; 646 MB              ; 00:00:02                           ;
; TimeQuest Timing Analyzer ; 00:00:02     ; 1.0                     ; 612 MB              ; 00:00:02                           ;
; Total                     ; 00:00:26     ; --                      ; --                  ; 00:00:41                           ;
+---------------------------+--------------+-------------------------+---------------------+------------------------------------+


+-----------------------------------------------------------------------------------------+
; Flow OS Summary                                                                         ;
+---------------------------+------------------+------------+------------+----------------+
; Module Name               ; Machine Hostname ; OS Name    ; OS Version ; Processor type ;
+---------------------------+------------------+------------+------------+----------------+
; Analysis & Synthesis      ; Visuale          ; Windows 10 ; 10.0       ; x86_64         ;
; Fitter                    ; Visuale          ; Windows 10 ; 10.0       ; x86_64         ;
; Assembler                 ; Visuale          ; Windows 10 ; 10.0       ; x86_64         ;
; PowerPlay Power Analyzer  ; Visuale          ; Windows 10 ; 10.0       ; x86_64         ;
; TimeQuest Timing Analyzer ; Visuale          ; Windows 10 ; 10.0       ; x86_64         ;
+---------------------------+------------------+------------+------------+----------------+


------------
; Flow Log ;
------------
quartus_map --read_settings_files=on --write_settings_files=off ve_ep4ce10 -c ve_ep4ce10
quartus_fit --read_settings_files=off --write_settings_files=off ve_ep4ce10 -c ve_ep4ce10
quartus_asm --read_settings_files=off --write_settings_files=off ve_ep4ce10 -c ve_ep4ce10
quartus_pow --read_settings_files=off --write_settings_files=off ve_ep4ce10 -c ve_ep4ce10
quartus_sta ve_ep4ce10 -c ve_ep4ce10



